<?xml version="1.0" encoding="UTF-8"?>
<!-- Generated by org.testng.reporters.JUnitXMLReporter -->
<testsuite ignored="2" hostname="WKWIN0457323" failures="0" tests="4" name="Test" time="42.546" errors="0" timestamp="2025-10-07T05:53:18 IST">
  <testcase classname="TestCases.DashboardTest" name="DashboardLinksTest" time="18.068"/>
  <testcase classname="TestCases.DashboardTest" name="NavigatetoContractsTest" time="4.264"/>
  <testcase classname="TestCases.DashboardTest" name="NavigattoDashboardTest" time="1.128"/>
  <testcase classname="TestCases.ExternalContractsTest" name="ContractTest" time="17.91"/>
  <testcase classname="TestCases.BaseTest" name="@AfterTest teardown" time="0.0">
    <ignored/>
  </testcase> <!-- @AfterTest teardown -->
  <testcase classname="TestCases.BaseTest" name="@BeforeSuite BeforeSuite" time="0.0">
    <ignored/>
  </testcase> <!-- @BeforeSuite BeforeSuite -->
</testsuite> <!-- Test -->
