<?xml version="1.0" encoding="UTF-8"?>
<testng-results ignored="0" total="1" passed="1" failed="0" skipped="0">
  <reporter-output>
  </reporter-output>
  <suite started-at="2025-10-08T12:26:01 IST" name="Default suite" finished-at="2025-10-08T12:26:27 IST" duration-ms="25379">
    <groups>
    </groups>
    <test started-at="2025-10-08T12:26:01 IST" name="Default test" finished-at="2025-10-08T12:26:27 IST" duration-ms="25379">
      <class name="TestCases.ExternalContractsTest">
        <test-method is-config="true" signature="BeforeSuite()[pri:0, instance:TestCases.ExternalContractsTest@34fe326d]" started-at="2025-10-08T12:26:01 IST" name="BeforeSuite" finished-at="2025-10-08T12:26:01 IST" duration-ms="48" status="PASS">
          <reporter-output>
          </reporter-output>
        </test-method> <!-- BeforeSuite -->
        <test-method signature="ContractTest()[pri:0, instance:TestCases.ExternalContractsTest@34fe326d]" started-at="2025-10-08T12:26:02 IST" name="ContractTest" finished-at="2025-10-08T12:26:27 IST" duration-ms="25066" status="PASS">
          <reporter-output>
          </reporter-output>
        </test-method> <!-- ContractTest -->
        <test-method is-config="true" signature="teardown()[pri:0, instance:TestCases.ExternalContractsTest@34fe326d]" started-at="2025-10-08T12:26:27 IST" name="teardown" finished-at="2025-10-08T12:26:27 IST" duration-ms="15" status="FAIL">
          <exception class="org.openqa.selenium.NoSuchSessionException">
            <message>
              <![CDATA[Session ID is null. Using WebDriver after calling quit()?
Build info: version: '4.35.0', revision: '1c58e5028b'
System info: os.name: 'Windows 11', os.arch: 'amd64', os.version: '10.0', java.version: '11.0.28'
Driver info: org.openqa.selenium.chrome.ChromeDriver
Command: [null, close {}]
Capabilities {acceptInsecureCerts: false, browserName: chrome, browserVersion: 140.0.7339.128, chrome: {chromedriverVersion: 140.0.7339.207 (17230b545fd..., userDataDir: C:\Users\khatanze\AppData\L...}, fedcm:accounts: true, goog:chromeOptions: {debuggerAddress: localhost:54962}, networkConnectionEnabled: false, pageLoadStrategy: normal, platformName: windows, proxy: Proxy(), se:cdp: ws://localhost:54962/devtoo..., se:cdpVersion: 140.0.7339.128, setWindowRect: true, strictFileInteractability: false, timeouts: {implicit: 0, pageLoad: 300000, script: 30000}, unhandledPromptBehavior: dismiss and notify, webauthn:extension:credBlob: true, webauthn:extension:largeBlob: true, webauthn:extension:minPinLength: true, webauthn:extension:prf: true, webauthn:virtualAuthenticators: true}]]>
            </message>
            <full-stacktrace>
              <![CDATA[org.openqa.selenium.NoSuchSessionException: Session ID is null. Using WebDriver after calling quit()?
Build info: version: '4.35.0', revision: '1c58e5028b'
System info: os.name: 'Windows 11', os.arch: 'amd64', os.version: '10.0', java.version: '11.0.28'
Driver info: org.openqa.selenium.chrome.ChromeDriver
Command: [null, close {}]
Capabilities {acceptInsecureCerts: false, browserName: chrome, browserVersion: 140.0.7339.128, chrome: {chromedriverVersion: 140.0.7339.207 (17230b545fd..., userDataDir: C:\Users\khatanze\AppData\L...}, fedcm:accounts: true, goog:chromeOptions: {debuggerAddress: localhost:54962}, networkConnectionEnabled: false, pageLoadStrategy: normal, platformName: windows, proxy: Proxy(), se:cdp: ws://localhost:54962/devtoo..., se:cdpVersion: 140.0.7339.128, setWindowRect: true, strictFileInteractability: false, timeouts: {implicit: 0, pageLoad: 300000, script: 30000}, unhandledPromptBehavior: dismiss and notify, webauthn:extension:credBlob: true, webauthn:extension:largeBlob: true, webauthn:extension:minPinLength: true, webauthn:extension:prf: true, webauthn:virtualAuthenticators: true}
at org.openqa.selenium.remote.HttpCommandExecutor.execute(HttpCommandExecutor.java:176)
at org.openqa.selenium.remote.service.DriverCommandExecutor.invokeExecute(DriverCommandExecutor.java:216)
at org.openqa.selenium.remote.service.DriverCommandExecutor.execute(DriverCommandExecutor.java:174)
at org.openqa.selenium.remote.RemoteWebDriver.execute(RemoteWebDriver.java:557)
at org.openqa.selenium.remote.RemoteWebDriver.execute(RemoteWebDriver.java:630)
at org.openqa.selenium.remote.RemoteWebDriver.execute(RemoteWebDriver.java:634)
at org.openqa.selenium.remote.RemoteWebDriver.close(RemoteWebDriver.java:430)
at java.base/jdk.internal.reflect.NativeMethodAccessorImpl.invoke0(Native Method)
at java.base/jdk.internal.reflect.NativeMethodAccessorImpl.invoke(NativeMethodAccessorImpl.java:62)
at java.base/jdk.internal.reflect.DelegatingMethodAccessorImpl.invoke(DelegatingMethodAccessorImpl.java:43)
at java.base/java.lang.reflect.Method.invoke(Method.java:566)
at org.openqa.selenium.support.decorators.WebDriverDecorator.call(WebDriverDecorator.java:315)
at org.openqa.selenium.support.decorators.DefaultDecorated.call(DefaultDecorated.java:48)
at org.openqa.selenium.support.decorators.WebDriverDecorator.lambda$createProxyFactory$3(WebDriverDecorator.java:405)
at net.bytebuddy.renamed.java.lang.Object$ByteBuddy$awwLy6GX.close(Unknown Source)
at TestCases.BaseTest.teardown(BaseTest.java:48)
at java.base/jdk.internal.reflect.NativeMethodAccessorImpl.invoke0(Native Method)
at java.base/jdk.internal.reflect.NativeMethodAccessorImpl.invoke(NativeMethodAccessorImpl.java:62)
at java.base/jdk.internal.reflect.DelegatingMethodAccessorImpl.invoke(DelegatingMethodAccessorImpl.java:43)
at java.base/java.lang.reflect.Method.invoke(Method.java:566)
at org.testng.internal.invokers.MethodInvocationHelper.invokeMethod(MethodInvocationHelper.java:141)
at org.testng.internal.invokers.MethodInvocationHelper.invokeMethodConsideringTimeout(MethodInvocationHelper.java:71)
at org.testng.internal.invokers.ConfigInvoker.invokeConfigurationMethod(ConfigInvoker.java:400)
at org.testng.internal.invokers.ConfigInvoker.invokeConfigurations(ConfigInvoker.java:333)
at org.testng.TestRunner.invokeTestConfigurations(TestRunner.java:657)
at org.testng.TestRunner.afterRun(TestRunner.java:845)
at org.testng.TestRunner.run(TestRunner.java:618)
at org.testng.SuiteRunner.runTest(SuiteRunner.java:421)
at org.testng.SuiteRunner.runSequentially(SuiteRunner.java:413)
at org.testng.SuiteRunner.privateRun(SuiteRunner.java:373)
at org.testng.SuiteRunner.run(SuiteRunner.java:312)
at org.testng.SuiteRunnerWorker.runSuite(SuiteRunnerWorker.java:52)
at org.testng.SuiteRunnerWorker.run(SuiteRunnerWorker.java:95)
at org.testng.TestNG.runSuitesSequentially(TestNG.java:1274)
at org.testng.TestNG.runSuitesLocally(TestNG.java:1208)
at org.testng.TestNG.runSuites(TestNG.java:1112)
at org.testng.TestNG.run(TestNG.java:1079)
at org.testng.remote.AbstractRemoteTestNG.run(AbstractRemoteTestNG.java:115)
at org.testng.remote.RemoteTestNG.initAndRun(RemoteTestNG.java:293)
at org.testng.remote.RemoteTestNG.main(RemoteTestNG.java:91)
]]>
            </full-stacktrace>
          </exception> <!-- org.openqa.selenium.NoSuchSessionException -->
          <reporter-output>
          </reporter-output>
        </test-method> <!-- teardown -->
      </class> <!-- TestCases.ExternalContractsTest -->
    </test> <!-- Default test -->
  </suite> <!-- Default suite -->
</testng-results>
